<?xml version="1.0" encoding="UTF-8"?>
<!-- Generated by org.testng.reporters.JUnitReportReporter -->
<testsuite hostname="Legion" failures="0" tests="2" name="gmeet.test" time="1.509" errors="0" timestamp="2024-11-24T21:46:03 IST" skipped="0">
  <testcase classname="gmeet.test" name="invalidtest" time="1.491"/>
  <testcase classname="gmeet.test" name="test" time="0.018"/>
</testsuite> <!-- gmeet.test -->
