<?xml version="1.0" encoding="UTF-8"?>
<!-- Generated by org.testng.reporters.JUnitReportReporter -->
<testsuite hostname="Legion" failures="0" tests="2" name="pojo1.product" time="1.410" errors="0" timestamp="2024-11-24T19:51:04 IST" skipped="0">
  <testcase classname="pojo1.product" name="TestRunner" time="0.023"/>
  <testcase classname="pojo1.product" name="InvalidTestCase" time="1.387"/>
</testsuite> <!-- pojo1.product -->
